95ca20a4-07c5-44fd-8693-d168d125128b.iso; Guitar_01;            1
fffe94eb-bc86-4365-8eac-4991d0f03a03.iso; Piano_01;             1
006a5a7b-3296-4c36-af6a-3ffd378b513f.iso; Воскресенье;          1
3c2010aa-4680-4de8-b03e-a4d9fbd430fa.iso; Зоопарк;              1
8009b658-a51f-4173-b9ff-736d8efb1f98.iso; Высоцкий;             1
8236568e-001a-4532-8dfc-69ab237aab1b.iso; PopForeign;           1
95bf4ef2-3683-4094-921e-3dabda56b608.iso; Blackmore;            1
b5cd5ca3-eeef-4019-bd19-18d27351ac0b.iso; BLUES;                1
cf9eb0f1-dbfb-4934-93b6-cbe5c6ea2862.iso; RockProgressive;      1
1f5fef52-d65e-11ea-9091-f3d8bf708aff.iso; Rolling Stones;       1
808f2570-d651-11ea-b468-9b5751e11a4a.iso; King Crimson;         1
7d52d6ee-ed13-4c52-a840-a7ff59e70612.iso; Сева Новгородцев;     1
c7db10dc-f17b-11ec-9d80-ab92734e23a0.iso; Виктор Цой;           1
7ccd687a-f514-11ea-9f4e-43f718e6c514.iso; Вилли Токарев;        1
85c7cac8-35c0-11eb-acd5-4b1759f1e93b.iso; Вивальди;             1
8ee4ca92-4295-4c9c-8e96-e61fcb805a84.iso; Queen;                1
3e926853-605a-43e0-addb-608a2d0afc6e.iso; ABBA;                 1
0b0f56d0-f6f7-11ec-8738-371ff62bde6f.iso; Depeche Mode;         1
6a47c53c-2c47-11eb-a340-73b2ea1bd790.iso; Рахманинов;           1
63a6eaf4-f476-11ea-8b2f-8320c2aa83a6.iso; Скрябин;              1
68964d2a-016e-11eb-8325-ebb588398b23.iso; Оперы;                1
787ec712-d5c7-11ea-bd57-f3e64820bc81.iso; Шнитке;               1
418b8c56-f537-11ea-b57d-2fb3ca67f3cf.iso; Мария Каллас;         1
bc5cb912-f610-11ea-994a-9726664b7a39.iso; Гендель;              1
f99191ac-7268-11eb-8222-53693c8a6777.iso; Шедевры классики;     1
4b6eba5a-d58d-11ea-a4e3-e72e3483219a.iso; Иванов-Крамской;      1
668eebd0-0174-11eb-b4df-e77b9b89cf10.iso; Оперы 01;             1
2bf81b52-d5c5-11ea-b7a6-1ff36058d604.iso; Виртуозы Рима;        1
e7929ea4-eee9-11ea-87d1-dfe365dc0a40.iso; И. С. Бах 01;         1
f041bd9e-d375-11ea-8cdc-bfe2324121c5.iso; Мясковский;           1
53ef3050-d5ca-11ea-a32c-afb331913576.iso; Паганини;             1
eea2f85e-26c2-11eb-83b9-1b2eb14d234c.iso; Паганини;             1
be2f8b34-eeef-11ea-904e-bf27a89b4818.iso; И. С. Бах;            1
25bb7eca-d663-11ea-8fc1-97fed6673f2a.iso; Ростропович;          1
00fe2f82-d50b-11ea-8799-1774e1f0005c.iso; Прокофьев 01;         1
02a22cfa-6b86-11eb-a926-afdd062254b8.iso; Mtaalamu;             0
033839ff-4f9c-4840-8909-052683b3e939.iso; 3f-lab old projects;  0
0989ceb2-6b7f-11eb-b713-e74ca50a2e89.iso; 3f-lab backup;        0
0fc8100d-c611-4ecb-956f-54e6d57b2b74.iso; Германия и немцы;     0
10737072-d58c-11ea-81b8-43a1a21cdc97.iso; Фортепьяно 01;        0
11558b5d-8a3c-49fd-95ec-c32e8752d1b7.iso; Средневековье;        0
13dc7a29-9073-4315-b8da-4da5027b8038.iso; slax;                 0
15171b14-a54c-44e1-98e4-9ae2a7f030ff.iso; Философия 01;         0
1622f7f6-6ba8-11eb-9dae-2bf9c5140338.iso; Linux Format;         0
1f51cef2-c125-49c5-9416-ec8230c8dab1.iso; Л. Бетховен;          0
1f57a95a-f5e8-4377-95da-8d7a9064dbb7.iso; Радио Маяк 01;        0
1f76dbcc-6ba5-11eb-aee1-5b37d4060c8c.iso; Xakep;                0
1ff43e4b-9744-4d12-a97a-f569962c09b9.iso; XAOS_WINPE;           0
217f52aa-e412-11ec-85ea-fb41bcb7b6b1.iso; Головоломка;          0
8f823052-e416-11ec-b761-1b19d3a79438.iso; Город героев;         0
5ce86ffe-e730-11ec-87a2-23203cc6ca3e.iso; Мультивс. безум.;     0
9a6ebcd4-e73a-11ec-ad60-7faf10f03f4e.iso; Нет пути домой;       0
f08d1310-e742-11ec-97ea-7f099b54dc04.iso; Дюна 2021;            0
86e3eed6-ebe1-11ec-9745-cf72766fcb33.iso; Мстители Финал;       0
429b0c1c-f0c5-11ec-9799-d74f1babddf1.iso; Эра Альтрона;         0
d6b76b5c-f22d-11ec-8a54-3f92373fea0a.iso; Доктор Стрендз;       0
af1b4a2c-f576-11ec-8904-df2dbb0a95af.iso; Морбиус;              0
b949667c-f70c-11ec-bd0f-073ba28b2e1b.iso; Фицкарральдо;         0
33d6c8a2-fafb-11ec-97da-f300f21117ea.iso; Хичкок;               0
8ded2cba-fd57-11ec-a4d1-ef091dc7d6fa.iso; Я уменьшил детей;     0
bc32fe9e-0075-11ed-a14d-f740d515a947.iso; Петя и волк 01;       0
195ba5ea-05f2-11ed-9c18-3f9604663b08.iso; Дюнкерк;              0
3d59e00c-0d26-11ed-96df-cbb9af7345fe.iso; Папаши;               0
01d48fae-135d-11ed-a8d2-07714755a0ab.iso; Монстры на каник.;    0
ffcbf150-165b-11ed-b940-37d18ba3b7f1.iso; Вкус хлеба;           0
08d5e0f8-2313-11ed-b7c4-df4d8ab83e94.iso; Боги сошли с ума;     0
11e2f7aa-26fe-11ed-bda2-172e8050a25c.iso; Аэроплан;             0
321e719c-35cd-11ed-9697-732be1d16db3.iso; Лжец, лжец;           0
22d3aeef-73d3-436d-8b80-e54345a214b9.iso; Аудиоспектакли;       0
259245f5-2c9e-4728-abbd-c5455406be20.iso; Джон Милль;           0
26766d56-6ba6-11eb-accc-ffcb7777ad5d.iso; Linux Format 01;      0
271ced66-f586-11ea-8056-437f060d9dc5.iso; Аэростат 051-100;     0
29ed4e04-4875-4c11-9424-c4cc2626ea31.iso; Всё так 01;           0
2ba55cbe-f546-11ea-91f9-ffa89a93fe66.iso; Гитара и скрипка;     0
324d3b3a-f588-11ea-ae14-437570647347.iso; Аэростат 201-250;     0
33777265-380f-4a26-8303-35a635d0d2ae.iso; Монтень - Опыты;      0
34060d50-d515-11ea-a019-0f759b0ff8b7.iso; Ван Клиберн;          0
357d4410-26c9-460e-9e48-a02d9c0d2282.iso; slax;                 0
3ae622a6-7421-47e8-9170-0300c9a196dd.iso; Аквариум;             0
3c3cb816-f3b5-11ea-afdd-f7124332f861.iso; Хиты 1990-х;          0
3cb0b726-f58a-11ea-bc1b-9fc3b26a7afc.iso; Аэростат 351-400;     0
3f43c28c-5275-4f4a-ae4c-973d1cf209e7.iso; Пётр Рябов;           0
401df366-d7ed-11ea-811d-838ceb9e588c.iso; Эрик Клэптон;         0
43f7c66c-f58c-11ea-bfc1-9fb25d28a204.iso; Аэростат 501-550;     0
4e9ffcc6-7b91-49a0-84e9-25b5dd114352.iso; Средневековье;        0
546b6fb3-ece9-45cd-9dff-3e3b9ae99cf6.iso; The Beatles;          0
579c2dc0-789c-4ac8-b27b-947138a84736.iso; Германия и немцы;     0
5848ef5c-7281-11eb-a716-478074537c0a.iso; The Lost Vikings;     0
62cec622-6b88-11eb-97e4-1f1e4fbe3d7d.iso; Computer Press;       0
63a5bcba-6bb3-11eb-bb2f-5720034e7f83.iso; 1С-бухгалтерия;       0
65bf864f-9edd-438b-be02-f63d63c6d23d.iso; slax;                 0
6949a64d-47ad-4d22-a3c5-284143fdac22.iso; Джуманджи;            0
6aa7f6d0-4425-40ff-83d9-a17757a6925a.iso; Колобок;              0
6cd01cc4-d665-11ea-af03-f728d60df27f.iso; История гитары;       0
7138f65e-f547-11ea-a6c4-0bf80106194b.iso; Гитарные самоуч.;     0
814da63e-7260-11eb-a569-e34b3018e438.iso; Canon;                0
82084180-dba8-4c55-bece-1cf49fd3fcf8.iso; Средневековье;        0
8277459c-dfcc-475f-85fd-0ef55fbc0326.iso; Музыка 1930-1960-х;   0
8450c43e-f587-11ea-929e-ff413f5f6ffd.iso; Аэростат 151-200;     0
8461c6fe-0201-4079-9c21-d074464e5be6.iso; Философия 02;         0
86d9245c-7265-11eb-9264-5b331abbcee2.iso; Рефераты;             0
8d292f3c-f58d-11ea-91fd-535123d5a5fa.iso; Аэростат 601-650;     0
90d633d6-f589-11ea-b483-a7aad35fda38.iso; Аэростат 301-350;     0
958fd8da-53c4-4ee6-b878-176f983d8e4a.iso; Радио Маяк 03;        0
96e1bd6c-f585-11ea-ba3e-7b1b096dc7a3.iso; Аэростат 001-050;     0
99092202-726b-11eb-9c65-4fa136c1c747.iso; Рефераты 01;          0
9a3af9be-f58b-11ea-8a13-bfc64e11097e.iso; Аэростат 451-500;     0
9e12591e-d386-11ea-9e47-8322be0b30a7.iso; Аэростат 651-700;     0
a0005fe0-6bb2-11eb-92b8-fbcb7f0cdff6.iso; 1С-бухгалтерия 01;    0
a1fdecec-b4c5-49be-86d1-9042f4721f26.iso; Средневековье;        0
a2994dd8-c2ba-42e2-9121-7325d92e6b74.iso; Гумилёв, Шарый;       0
a967c924-d387-11ea-a85b-b3c1de02066b.iso; Аэростат 701-750;     0
b665de7c-c103-4b98-b07d-2a02c4b9e613.iso; Радио Маяк 02;        0
bbb200e4-d388-11ea-a8af-0f5b9cfa642b.iso; Аэростат 751-760;     0
bdc2781f-35ac-48a8-97a7-b22e08e0305d.iso; Гумилёв, Шарый;       0
c1348398-f3b3-11ea-acff-5baf0f67d613.iso; Зарубежные хиты;      0
c2793628-ab3c-438c-9778-9b1d06810a3f.iso; Джаз;                 0
c36b9858-6bbe-11eb-a599-df0590ab7ced.iso; 3f-lab backup 01;     0
c62e51c2-2706-47d7-8528-bf9988f79ea1.iso; VRMPVOL_RU;           0
cb7a89d8-d374-11ea-af0f-57d1e62f52b2.iso; Литература;           0
cd94ca25-07d3-4690-9e9a-361b38a44128.iso; Аудиоспектакли;       0
cfc2c2cf-9c2a-40cb-b490-173e508940af.iso; Средневековье;        0
d20d0571-7ff5-492a-88b7-77a8839d02e9.iso; Высоцкий;             0
d69fb1ba-f586-11ea-b7ce-6b9df6766ef8.iso; Аэростат 101-150;     0
d8f1d2a4-6bb5-11eb-8ba6-c3bd851afc43.iso; Server;               0
de92718a-f588-11ea-ac79-07f99b2fd8b9.iso; Аэростат 251-300;     0
e0cb1a74-cbec-4d5f-be5b-aa30a60f3315.iso; Файлы; 06 июн 26;     0
e3b39980-a713-4450-9095-09e10c413855.iso; В. В. Набоков;        0
e50dff97-bcb8-46ec-babc-156b60657d28.iso; Дмитрий Быков;        0
e6f0e50a-d666-11ea-81ea-5f9fcc4a9ac1.iso; Арво Пярт;            0
eab1299c-f543-11ea-b82c-1b5a9cae2e42.iso; Сеговия;              0
eafdb4e4-f58c-11ea-bbcb-472f52ef4048.iso; Аэростат 551-600;     0
ec372e32-f58a-11ea-9e16-5f9ae1d2c245.iso; Аэростат 401-450;     0
f98aab9e-d8d0-11ea-9f3a-ab47ddfadfcb.iso; Розенбаум;            0
